This is pdfTeX, Version 3.1415926-2.4-1.40.13 (TeX Live 2012/Debian) (format=pdflatex 2013.6.13)  3 JUL 2013 14:46
entering extended mode
 restricted \write18 enabled.
 %&-line parsing enabled.
**selenium_investigation.tex
(./selenium_investigation.tex
LaTeX2e <2011/06/27>
Babel <v3.8m> and hyphenation patterns for english, dumylang, nohyphenation, lo
aded.
(/usr/share/texlive/texmf-dist/tex/latex/base/article.cls
Document Class: article 2007/10/19 v1.4h Standard LaTeX document class
(/usr/share/texlive/texmf-dist/tex/latex/base/size10.clo
File: size10.clo 2007/10/19 v1.4h Standard LaTeX file (size option)
)
\c@part=\count79
\c@section=\count80
\c@subsection=\count81
\c@subsubsection=\count82
\c@paragraph=\count83
\c@subparagraph=\count84
\c@figure=\count85
\c@table=\count86
\abovecaptionskip=\skip41
\belowcaptionskip=\skip42
\bibindent=\dimen102
)
No file selenium_investigation.aux.
\openout1 = `selenium_investigation.aux'.

LaTeX Font Info:    Checking defaults for OML/cmm/m/it on input line 6.
LaTeX Font Info:    ... okay on input line 6.
LaTeX Font Info:    Checking defaults for T1/cmr/m/n on input line 6.
LaTeX Font Info:    ... okay on input line 6.
LaTeX Font Info:    Checking defaults for OT1/cmr/m/n on input line 6.
LaTeX Font Info:    ... okay on input line 6.
LaTeX Font Info:    Checking defaults for OMS/cmsy/m/n on input line 6.
LaTeX Font Info:    ... okay on input line 6.
LaTeX Font Info:    Checking defaults for OMX/cmex/m/n on input line 6.
LaTeX Font Info:    ... okay on input line 6.
LaTeX Font Info:    Checking defaults for U/cmr/m/n on input line 6.
LaTeX Font Info:    ... okay on input line 6.
LaTeX Font Info:    External font `cmex10' loaded for size
(Font)              <12> on input line 7.
LaTeX Font Info:    External font `cmex10' loaded for size
(Font)              <8> on input line 7.
LaTeX Font Info:    External font `cmex10' loaded for size
(Font)              <6> on input line 7.
Missing character: There is no Ã in font cmr10!
Missing character: There is no ¡ in font cmr10!
LaTeX Font Info:    Try loading font information for OMS+cmr on input line 15.
(/usr/share/texlive/texmf-dist/tex/latex/base/omscmr.fd
File: omscmr.fd 1999/05/25 v2.5h Standard LaTeX font definitions
)
LaTeX Font Info:    Font shape `OMS/cmr/m/n' in size <10> not available
(Font)              Font shape `OMS/cmsy/m/n' tried instead on input line 15.
 [1

{/var/lib/texmf/fonts/map/pdftex/updmap/pdftex.map}] (./selenium_investigation.
aux) ) 
Here is how much of TeX's memory you used:
 244 strings out of 495059
 2823 string characters out of 3182030
 48977 words of memory out of 3000000
 3501 multiletter control sequences out of 15000+200000
 7448 words of font info for 27 fonts, out of 3000000 for 9000
 14 hyphenation exceptions out of 8191
 23i,6n,19p,615b,187s stack positions out of 5000i,500n,10000p,200000b,50000s
</usr/share/texlive/texmf-dist/fonts/type1/public/amsfonts/cm/cmbx12.pfb>
</usr/share/texlive/texmf-dist/fonts/type1/public/amsfonts/cm/cmr10.pfb></usr/s
hare/texlive/texmf-dist/fonts/type1/public/amsfonts/cm/cmr12.pfb></usr/share/te
xlive/texmf-dist/fonts/type1/public/amsfonts/cm/cmr17.pfb></usr/share/texlive/t
exmf-dist/fonts/type1/public/amsfonts/cm/cmsy10.pfb></usr/share/texlive/texmf-d
ist/fonts/type1/public/amsfonts/cm/cmtt10.pfb>
Output written on selenium_investigation.pdf (1 page, 68488 bytes).
PDF statistics:
 32 PDF objects out of 1000 (max. 8388607)
 22 compressed objects within 1 object stream
 0 named destinations out of 1000 (max. 500000)
 1 words of extra memory for PDF output out of 10000 (max. 10000000)

