This is pdfTeX, Version 3.1415926-2.4-1.40.13 (TeX Live 2012/Debian) (format=pdflatex 2013.6.13)  24 JUN 2013 14:06
entering extended mode
 restricted \write18 enabled.
 %&-line parsing enabled.
**webpy_apache.tex
(./webpy_apache.tex
LaTeX2e <2011/06/27>
Babel <v3.8m> and hyphenation patterns for english, dumylang, nohyphenation, lo
aded.
(/usr/share/texlive/texmf-dist/tex/latex/base/article.cls
Document Class: article 2007/10/19 v1.4h Standard LaTeX document class
(/usr/share/texlive/texmf-dist/tex/latex/base/size10.clo
File: size10.clo 2007/10/19 v1.4h Standard LaTeX file (size option)
)
\c@part=\count79
\c@section=\count80
\c@subsection=\count81
\c@subsubsection=\count82
\c@paragraph=\count83
\c@subparagraph=\count84
\c@figure=\count85
\c@table=\count86
\abovecaptionskip=\skip41
\belowcaptionskip=\skip42
\bibindent=\dimen102
) (./webpy_apache.aux)
\openout1 = `webpy_apache.aux'.

LaTeX Font Info:    Checking defaults for OML/cmm/m/it on input line 6.
LaTeX Font Info:    ... okay on input line 6.
LaTeX Font Info:    Checking defaults for T1/cmr/m/n on input line 6.
LaTeX Font Info:    ... okay on input line 6.
LaTeX Font Info:    Checking defaults for OT1/cmr/m/n on input line 6.
LaTeX Font Info:    ... okay on input line 6.
LaTeX Font Info:    Checking defaults for OMS/cmsy/m/n on input line 6.
LaTeX Font Info:    ... okay on input line 6.
LaTeX Font Info:    Checking defaults for OMX/cmex/m/n on input line 6.
LaTeX Font Info:    ... okay on input line 6.
LaTeX Font Info:    Checking defaults for U/cmr/m/n on input line 6.
LaTeX Font Info:    ... okay on input line 6.
LaTeX Font Info:    External font `cmex10' loaded for size
(Font)              <12> on input line 7.
LaTeX Font Info:    External font `cmex10' loaded for size
(Font)              <8> on input line 7.
LaTeX Font Info:    External font `cmex10' loaded for size
(Font)              <6> on input line 7.
LaTeX Font Info:    Try loading font information for OMS+cmr on input line 13.
(/usr/share/texlive/texmf-dist/tex/latex/base/omscmr.fd
File: omscmr.fd 1999/05/25 v2.5h Standard LaTeX font definitions
)
LaTeX Font Info:    Font shape `OMS/cmr/m/n' in size <10> not available
(Font)              Font shape `OMS/cmsy/m/n' tried instead on input line 13.
 [1

{/var/lib/texmf/fonts/map/pdftex/updmap/pdftex.map}]
LaTeX Font Info:    External font `cmex10' loaded for size
(Font)              <7> on input line 40.
LaTeX Font Info:    External font `cmex10' loaded for size
(Font)              <5> on input line 40.

Overfull \hbox (4.21213pt too wide) in paragraph at lines 39--41
\OT1/cmr/m/n/10 have su-per user priv-i-leges to do this. Nav-i-gate to []\OT1/
cmtt/m/n/10 /etc/apache2/sites-enabled\OT1/cmr/m/n/10 ,
 []


Overfull \hbox (17.24684pt too wide) in paragraph at lines 64--64
[]     \OT1/cmtt/m/n/10 CustomLog /var/www/webpy-app/<app name>/logs/access.log
 combined[] 
 []


Overfull \hbox (78.68379pt too wide) in paragraph at lines 69--71
\OT1/cmr/m/n/10 Only con-tinue if the last line reads "[]\OT1/cmtt/m/n/10 Synta
x OK\OT1/cmr/m/n/10 ". Nav-i-gate to []\OT1/cmtt/m/n/10 /var/www/webpy-app/<app
 name>/\OT1/cmr/m/n/10 ,
 []

[2]
Overfull \hbox (710.2408pt too wide) in paragraph at lines 95--95
[]\OT1/cmtt/m/n/10 application = app.wsgifunc() # needed for running with apach
e as wsgi. The reason is because wsgi requires a application method and app.wsg
ifunc returns the corrent application method for your project.[] 
 []


LaTeX Font Warning: Font shape `OT1/cmr/bx/sc' undefined
(Font)              using `OT1/cmr/bx/n' instead on input line 98.


Overfull \hbox (87.70251pt too wide) in paragraph at lines 101--103
\OT1/cmr/m/n/10 To test the server; open the browser, and type the fol-low-ing 
[]\OT1/cmtt/m/n/10 <server name>/<project name>/hello
 []

[3] (./webpy_apache.aux)

LaTeX Font Warning: Some font shapes were not available, defaults substituted.

 ) 
Here is how much of TeX's memory you used:
 253 strings out of 495059
 2880 string characters out of 3182030
 50977 words of memory out of 3000000
 3507 multiletter control sequences out of 15000+200000
 8063 words of font info for 29 fonts, out of 3000000 for 9000
 14 hyphenation exceptions out of 8191
 23i,6n,19p,421b,241s stack positions out of 5000i,500n,10000p,200000b,50000s
</usr/share/texlive/texmf-dist/fonts/type1/public/amsfonts/cm/cmbx10.pfb></us
r/share/texlive/texmf-dist/fonts/type1/public/amsfonts/cm/cmbx12.pfb></usr/shar
e/texlive/texmf-dist/fonts/type1/public/amsfonts/cm/cmmi10.pfb></usr/share/texl
ive/texmf-dist/fonts/type1/public/amsfonts/cm/cmr10.pfb></usr/share/texlive/tex
mf-dist/fonts/type1/public/amsfonts/cm/cmr12.pfb></usr/share/texlive/texmf-dist
/fonts/type1/public/amsfonts/cm/cmr17.pfb></usr/share/texlive/texmf-dist/fonts/
type1/public/amsfonts/cm/cmsy10.pfb></usr/share/texlive/texmf-dist/fonts/type1/
public/amsfonts/cm/cmtt10.pfb>
Output written on webpy_apache.pdf (3 pages, 98268 bytes).
PDF statistics:
 46 PDF objects out of 1000 (max. 8388607)
 32 compressed objects within 1 object stream
 0 named destinations out of 1000 (max. 500000)
 1 words of extra memory for PDF output out of 10000 (max. 10000000)

